<?xml version="1.0" encoding="UTF-8"?>
<testng-results skipped="0" failed="0" total="2" passed="2">
  <reporter-output>
  </reporter-output>
  <suite name="Suite" duration-ms="35" started-at="2016-04-06T15:14:40Z" finished-at="2016-04-06T15:14:40Z">
    <groups>
    </groups>
    <test name="Test" duration-ms="35" started-at="2016-04-06T15:14:40Z" finished-at="2016-04-06T15:14:40Z">
      <class name="com.testng.jc.TestMessageUtil">
        <test-method status="PASS" signature="testPrintMessage()[pri:0, instance:com.testng.jc.TestMessageUtil@1ad8ce8f]" name="testPrintMessage" duration-ms="10" started-at="2016-04-06T23:14:40Z" finished-at="2016-04-06T23:14:40Z">
          <reporter-output>
          </reporter-output>
        </test-method> <!-- testPrintMessage -->
        <test-method status="PASS" signature="testSalutationMessage()[pri:0, instance:com.testng.jc.TestMessageUtil@1ad8ce8f]" name="testSalutationMessage" duration-ms="0" started-at="2016-04-06T23:14:40Z" finished-at="2016-04-06T23:14:40Z">
          <reporter-output>
          </reporter-output>
        </test-method> <!-- testSalutationMessage -->
      </class> <!-- com.testng.jc.TestMessageUtil -->
    </test> <!-- Test -->
  </suite> <!-- Suite -->
</testng-results>
