<?xml version="1.0" encoding="UTF-8"?>
<!-- Generated by org.testng.reporters.JUnitXMLReporter -->
<testsuite hostname="Founder-Jc" name="Test" tests="3" failures="1" timestamp="6 Apr 2016 14:00:23 GMT" time="0.088" errors="0">
  <testcase name="testMethodOne" time="0.024" classname="com.testng.jc.SampleTest"/>
  <testcase name="testMethodTwo" time="0.004" classname="com.testng.jc.SampleTest">
    <failure type="java.lang.AssertionError" message="expected [true] but found [false]">
      <![CDATA[java.lang.AssertionError: expected [true] but found [false]
	at com.testng.jc.SampleTest.testMethodTwo(SampleTest.java:14)
... Removed 28 stack frames]]>
    </failure>
  </testcase> <!-- testMethodTwo -->
  <testcase name="testMethodThree" time="0.0" classname="com.testng.jc.SampleTest">
    <skipped/>
  </testcase> <!-- testMethodThree -->
</testsuite> <!-- Test -->
